type = 1  id rate= 1.0
type = 1  title rate= 1.0
type = 1  title_alternative rate= 0.01864951768488746
type = 1  agency rate= 0.0
type = 1  agents rate= 0.0
type = 1  applicant rate= 0.0
type = 1  beginpage rate= 0.0
type = 1  contributor rate= 0.0
type = 1  country rate= 0.9368167202572347
type = 1  creator rate= 0.9831189710610932
type = 1  creator_bio rate= 0.020739549839228297
type = 1  creator_degree rate= 0.0
type = 1  creator_discipline rate= 0.0
type = 1  creator_drafting rate= 0.0
type = 1  creator_en rate= 0.0
type = 1  creator_institution rate= 0.018810289389067526
type = 1  date rate= 1.0
type = 1  date_created rate= 1.0
type = 1  date_impl rate= 0.0
type = 1  description rate= 0.7308681672025723
type = 1  description_core rate= 0.0
type = 1  description_cycle rate= 0.0
type = 1  description_en rate= 0.0
type = 1  description_fund rate= 0.0
type = 1  description_location rate= 0.519935691318328
type = 1  description_source rate= 0.0
type = 1  description_unit rate= 0.0
type = 1  endpage rate= 0.0
type = 1  folio_size rate= 0.0
type = 1  identifier_cnno rate= 0.0
type = 1  identifier_doi rate= 0.11527331189710611
type = 1  identifier_eisbn rate= 0.048713826366559486
type = 1  identifier_eissn rate= 0.0
type = 1  identifier_isbn rate= 0.0
type = 1  identifier_issn rate= 0.0
type = 1  identifier_pisbn rate= 0.9014469453376206
type = 1  identifier_pissn rate= 0.0
type = 1  identifier_standard rate= 0.0
type = 1  issue rate= 0.0
type = 1  jumppage rate= 0.0
type = 1  language rate= 0.9374598070739549
type = 1  legal_status rate= 0.0
type = 1  lngid rate= 1.0
type = 1  medium rate= 1.0
type = 1  page rate= 0.5289389067524116
type = 1  pagecount rate= 0.10144694533762058
type = 1  pct_app_data rate= 0.0
type = 1  pct_enter_nation_date rate= 0.0
type = 1  pct_pub_data rate= 0.0
type = 1  priority_number rate= 0.0
type = 1  provider rate= 1.0
type = 1  provider_bn rate= 0.5080385852090032
type = 1  provider_id rate= 1.0
type = 1  provider_jid rate= 0.0
type = 1  provider_subject rate= 0.12668810289389068
type = 1  provider_url rate= 1.0
type = 1  province_code rate= 0.0
type = 1  pub_place rate= 0.023794212218649517
type = 1  publisher rate= 0.9881028938906753
type = 1  rawid rate= 1.0
type = 1  rawtype rate= 0.0
type = 1  source rate= 0.0
type = 1  source_en rate= 0.0
type = 1  source_fl rate= 0.0
type = 1  source_id rate= 0.0
type = 1  source_institution rate= 0.0
type = 1  subject rate= 0.4009646302250804
type = 1  subject_clc rate= 0.6075562700964631
type = 1  subject_csc rate= 0.0
type = 1  subject_dsa rate= 0.0001607717041800643
type = 1  subject_en rate= 0.0
type = 1  subject_esc rate= 0.002733118971061093
type = 1  subject_isc rate= 0.0
type = 1  title_catalyst rate= 0.0
type = 1  title_edition rate= 0.09453376205787781
type = 1  title_series rate= 0.2014469453376206
type = 1  title_sub rate= 0.11173633440514469
type = 1  type rate= 1.0
type = 1  volume rate= 0.0
type = 2  id rate= 1.0
type = 2  title rate= 1.0
type = 2  title_alternative rate= 0.13860263808738665
type = 2  agency rate= 0.0
type = 2  agents rate= 0.0
type = 2  applicant rate= 0.0
type = 2  beginpage rate= 0.0
type = 2  contributor rate= 0.0
type = 2  country rate= 0.9743404781533388
type = 2  creator rate= 0.0
type = 2  creator_bio rate= 0.0
type = 2  creator_degree rate= 0.0
type = 2  creator_discipline rate= 0.0
type = 2  creator_drafting rate= 0.0
type = 2  creator_en rate= 0.0
type = 2  creator_institution rate= 0.0
type = 2  date rate= 1.0
type = 2  date_created rate= 0.0
type = 2  date_impl rate= 0.0
type = 2  description rate= 0.0
type = 2  description_core rate= 0.7983305853256389
type = 2  description_cycle rate= 0.0
type = 2  description_en rate= 0.0
type = 2  description_fund rate= 0.0
type = 2  description_location rate= 0.0
type = 2  description_source rate= 0.0
type = 2  description_unit rate= 0.0
type = 2  endpage rate= 0.0
type = 2  folio_size rate= 0.0
type = 2  identifier_cnno rate= 0.1288128606760099
type = 2  identifier_doi rate= 0.0
type = 2  identifier_eisbn rate= 0.0
type = 2  identifier_eissn rate= 0.6472588623248146
type = 2  identifier_isbn rate= 0.0
type = 2  identifier_issn rate= 0.0
type = 2  identifier_pisbn rate= 0.0
type = 2  identifier_pissn rate= 0.9756801319043693
type = 2  identifier_standard rate= 0.0
type = 2  issue rate= 0.0
type = 2  jumppage rate= 0.0
type = 2  language rate= 1.0
type = 2  legal_status rate= 0.0
type = 2  lngid rate= 1.0
type = 2  medium rate= 1.0
type = 2  page rate= 0.0
type = 2  pagecount rate= 0.0
type = 2  pct_app_data rate= 0.0
type = 2  pct_enter_nation_date rate= 0.0
type = 2  pct_pub_data rate= 0.0
type = 2  priority_number rate= 0.0
type = 2  provider rate= 1.0
type = 2  provider_bn rate= 0.0
type = 2  provider_id rate= 0.0
type = 2  provider_jid rate= 0.9971145919208574
type = 2  provider_subject rate= 0.0
type = 2  provider_url rate= 0.0
type = 2  province_code rate= 0.0
type = 2  pub_place rate= 0.03751030502885408
type = 2  publisher rate= 0.9588829348722177
type = 2  rawid rate= 0.0
type = 2  rawtype rate= 0.0
type = 2  source rate= 1.0
type = 2  source_en rate= 0.13860263808738665
type = 2  source_fl rate= 1.0
type = 2  source_id rate= 0.0
type = 2  source_institution rate= 0.0
type = 2  subject rate= 0.0
type = 2  subject_clc rate= 0.6974443528441879
type = 2  subject_csc rate= 0.0
type = 2  subject_dsa rate= 0.0
type = 2  subject_en rate= 0.0
type = 2  subject_esc rate= 0.0
type = 2  subject_isc rate= 0.0
type = 2  title_catalyst rate= 0.0
type = 2  title_edition rate= 0.0
type = 2  title_series rate= 0.0
type = 2  title_sub rate= 0.0
type = 2  type rate= 1.0
type = 2  volume rate= 0.0
type = 3  id rate= 1.0
type = 3  title rate= 1.0
type = 3  title_alternative rate= 0.16903129611879442
type = 3  agency rate= 0.0
type = 3  agents rate= 0.0
type = 3  applicant rate= 0.0
type = 3  beginpage rate= 0.67693155020007
type = 3  contributor rate= 0.0
type = 3  country rate= 0.8070047316932158
type = 3  creator rate= 0.9069180093416709
type = 3  creator_bio rate= 0.1170770003195034
type = 3  creator_degree rate= 0.0
type = 3  creator_discipline rate= 0.0
type = 3  creator_drafting rate= 0.0
type = 3  creator_en rate= 0.15738250642810414
type = 3  creator_institution rate= 0.8647015686095516
type = 3  date rate= 1.0
type = 3  date_created rate= 1.0
type = 3  date_impl rate= 0.0
type = 3  description rate= 0.8663751578498943
type = 3  description_core rate= 0.5001968749524549
type = 3  description_cycle rate= 0.0
type = 3  description_en rate= 0.10002708171679828
type = 3  description_fund rate= 0.22009402528641198
type = 3  description_location rate= 0.0
type = 3  description_source rate= 0.0
type = 3  description_unit rate= 0.0
type = 3  endpage rate= 0.5999799169291159
type = 3  folio_size rate= 0.0
type = 3  identifier_cnno rate= 0.4133576764495565
type = 3  identifier_doi rate= 0.39550686932310924
type = 3  identifier_eisbn rate= 0.0
type = 3  identifier_eissn rate= 0.2688977132685198
type = 3  identifier_isbn rate= 0.0
type = 3  identifier_issn rate= 0.2413212226330123
type = 3  identifier_pisbn rate= 0.00017892190424026656
type = 3  identifier_pissn rate= 0.9507836961979096
type = 3  identifier_standard rate= 0.0
type = 3  issue rate= 0.8227711594930546
type = 3  jumppage rate= 0.012741187031204831
type = 3  language rate= 0.9999762654616824
type = 3  legal_status rate= 0.0
type = 3  lngid rate= 1.0
type = 3  medium rate= 1.0
type = 3  page rate= 0.6773313858840355
type = 3  pagecount rate= 0.3486366333470263
type = 3  pct_app_data rate= 0.0
type = 3  pct_enter_nation_date rate= 0.0
type = 3  pct_pub_data rate= 0.0
type = 3  priority_number rate= 0.0
type = 3  provider rate= 1.0
type = 3  provider_bn rate= 0.0
type = 3  provider_id rate= 0.9998642871270559
type = 3  provider_jid rate= 0.9997997778690645
type = 3  provider_subject rate= 0.3133202489083634
type = 3  provider_url rate= 0.8079224671748292
type = 3  province_code rate= 0.0
type = 3  pub_place rate= 0.0004460876047895081
type = 3  publisher rate= 0.3806770429199568
type = 3  rawid rate= 1.0
type = 3  rawtype rate= 0.4317708095607589
type = 3  source rate= 0.9999354907420086
type = 3  source_en rate= 0.4039581906978867
type = 3  source_fl rate= 0.12842089247949853
type = 3  source_id rate= 0.9978705859083786
type = 3  source_institution rate= 0.00024099685060933863
type = 3  subject rate= 0.7513880140581496
type = 3  subject_clc rate= 0.7817712659941881
type = 3  subject_csc rate= 0.0
type = 3  subject_dsa rate= 6.085779055791379e-07
type = 3  subject_en rate= 0.09635674836825049
type = 3  subject_esc rate= 0.0
type = 3  subject_isc rate= 0.0
type = 3  title_catalyst rate= 0.0
type = 3  title_edition rate= 0.0
type = 3  title_series rate= 0.17102743164909398
type = 3  title_sub rate= 0.0
type = 3  type rate= 1.0
type = 3  volume rate= 0.6766223926240358
type = 4  id rate= 1.0
type = 4  title rate= 1.0
type = 4  title_alternative rate= 0.21064814814814814
type = 4  agency rate= 0.0
type = 4  agents rate= 0.0
type = 4  applicant rate= 0.0
type = 4  beginpage rate= 0.0
type = 4  contributor rate= 0.9189814814814815
type = 4  country rate= 1.0
type = 4  creator rate= 1.0
type = 4  creator_bio rate= 0.0
type = 4  creator_degree rate= 0.9918981481481481
type = 4  creator_discipline rate= 0.05439814814814815
type = 4  creator_drafting rate= 0.0
type = 4  creator_en rate= 0.0011574074074074073
type = 4  creator_institution rate= 0.9918981481481481
type = 4  date rate= 1.0
type = 4  date_created rate= 1.0
type = 4  date_impl rate= 0.0
type = 4  description rate= 0.5625
type = 4  description_core rate= 0.0
type = 4  description_cycle rate= 0.0
type = 4  description_en rate= 0.0011574074074074073
type = 4  description_fund rate= 0.08912037037037036
type = 4  description_location rate= 0.0
type = 4  description_source rate= 0.0
type = 4  description_unit rate= 0.0
type = 4  endpage rate= 0.0
type = 4  folio_size rate= 0.0
type = 4  identifier_cnno rate= 0.0
type = 4  identifier_doi rate= 0.0
type = 4  identifier_eisbn rate= 0.0
type = 4  identifier_eissn rate= 0.0
type = 4  identifier_isbn rate= 0.0
type = 4  identifier_issn rate= 0.0
type = 4  identifier_pisbn rate= 0.0
type = 4  identifier_pissn rate= 0.0
type = 4  identifier_standard rate= 0.0
type = 4  issue rate= 0.0
type = 4  jumppage rate= 0.0
type = 4  language rate= 1.0
type = 4  legal_status rate= 0.0
type = 4  lngid rate= 1.0
type = 4  medium rate= 1.0
type = 4  page rate= 0.0
type = 4  pagecount rate= 0.7916666666666666
type = 4  pct_app_data rate= 0.0
type = 4  pct_enter_nation_date rate= 0.0
type = 4  pct_pub_data rate= 0.0
type = 4  priority_number rate= 0.0
type = 4  provider rate= 1.0
type = 4  provider_bn rate= 0.0
type = 4  provider_id rate= 1.0
type = 4  provider_jid rate= 0.0
type = 4  provider_subject rate= 0.6516203703703703
type = 4  provider_url rate= 1.0
type = 4  province_code rate= 0.0
type = 4  pub_place rate= 0.13425925925925927
type = 4  publisher rate= 0.0
type = 4  rawid rate= 1.0
type = 4  rawtype rate= 0.008101851851851851
type = 4  source rate= 0.0
type = 4  source_en rate= 0.0
type = 4  source_fl rate= 0.0
type = 4  source_id rate= 0.0
type = 4  source_institution rate= 0.20949074074074073
type = 4  subject rate= 0.4861111111111111
type = 4  subject_clc rate= 0.7662037037037037
type = 4  subject_csc rate= 0.0
type = 4  subject_dsa rate= 0.0
type = 4  subject_en rate= 0.0011574074074074073
type = 4  subject_esc rate= 0.0
type = 4  subject_isc rate= 0.0
type = 4  title_catalyst rate= 0.0
type = 4  title_edition rate= 0.0
type = 4  title_series rate= 0.0
type = 4  title_sub rate= 0.0
type = 4  type rate= 1.0
type = 4  volume rate= 0.0
type = 5  id rate= 1.0
type = 5  title rate= 1.0
type = 5  title_alternative rate= 0.9941860465116279
type = 5  agency rate= 0.0
type = 5  agents rate= 0.0
type = 5  applicant rate= 0.0
type = 5  beginpage rate= 0.0
type = 5  contributor rate= 0.0
type = 5  country rate= 1.0
type = 5  creator rate= 0.0
type = 5  creator_bio rate= 0.0
type = 5  creator_degree rate= 0.0
type = 5  creator_discipline rate= 0.0
type = 5  creator_drafting rate= 0.9825581395348837
type = 5  creator_en rate= 0.0
type = 5  creator_institution rate= 0.9825581395348837
type = 5  date rate= 1.0
type = 5  date_created rate= 1.0
type = 5  date_impl rate= 1.0
type = 5  description rate= 0.0
type = 5  description_core rate= 0.0
type = 5  description_cycle rate= 0.0
type = 5  description_en rate= 0.0
type = 5  description_fund rate= 0.0
type = 5  description_location rate= 0.0
type = 5  description_source rate= 0.0
type = 5  description_unit rate= 0.0
type = 5  endpage rate= 0.0
type = 5  folio_size rate= 0.0
type = 5  identifier_cnno rate= 0.0
type = 5  identifier_doi rate= 0.0
type = 5  identifier_eisbn rate= 0.0
type = 5  identifier_eissn rate= 0.0
type = 5  identifier_isbn rate= 0.0
type = 5  identifier_issn rate= 0.0
type = 5  identifier_pisbn rate= 0.0
type = 5  identifier_pissn rate= 0.0
type = 5  identifier_standard rate= 1.0
type = 5  issue rate= 0.0
type = 5  jumppage rate= 0.0
type = 5  language rate= 1.0
type = 5  legal_status rate= 0.005813953488372093
type = 5  lngid rate= 1.0
type = 5  medium rate= 1.0
type = 5  page rate= 0.9941860465116279
type = 5  pagecount rate= 0.0
type = 5  pct_app_data rate= 0.0
type = 5  pct_enter_nation_date rate= 0.0
type = 5  pct_pub_data rate= 0.0
type = 5  priority_number rate= 0.0
type = 5  provider rate= 1.0
type = 5  provider_bn rate= 0.0
type = 5  provider_id rate= 1.0
type = 5  provider_jid rate= 0.0
type = 5  provider_subject rate= 0.0
type = 5  provider_url rate= 1.0
type = 5  province_code rate= 0.0
type = 5  pub_place rate= 0.0
type = 5  publisher rate= 0.0
type = 5  rawid rate= 1.0
type = 5  rawtype rate= 0.0
type = 5  source rate= 0.005813953488372093
type = 5  source_en rate= 0.0
type = 5  source_fl rate= 0.0
type = 5  source_id rate= 0.0
type = 5  source_institution rate= 0.0
type = 5  subject rate= 0.0
type = 5  subject_clc rate= 0.0
type = 5  subject_csc rate= 0.9941860465116279
type = 5  subject_dsa rate= 0.0
type = 5  subject_en rate= 0.0
type = 5  subject_esc rate= 0.0
type = 5  subject_isc rate= 0.9941860465116279
type = 5  title_catalyst rate= 0.0
type = 5  title_edition rate= 0.0
type = 5  title_series rate= 0.0
type = 5  title_sub rate= 0.0
type = 5  type rate= 1.0
type = 5  volume rate= 0.0
type = 6  id rate= 1.0
type = 6  title rate= 1.0
type = 6  title_alternative rate= 0.0
type = 6  agency rate= 0.0
type = 6  agents rate= 0.0
type = 6  applicant rate= 0.0
type = 6  beginpage rate= 0.5317890489001424
type = 6  contributor rate= 0.0
type = 6  country rate= 1.0
type = 6  creator rate= 0.9855989871815161
type = 6  creator_bio rate= 0.22778525083082765
type = 6  creator_degree rate= 0.0
type = 6  creator_discipline rate= 0.0
type = 6  creator_drafting rate= 0.0
type = 6  creator_en rate= 0.0
type = 6  creator_institution rate= 0.9757081816743156
type = 6  date rate= 1.0
type = 6  date_created rate= 1.0
type = 6  date_impl rate= 0.0
type = 6  description rate= 0.9577069156512107
type = 6  description_core rate= 0.9480337078651685
type = 6  description_cycle rate= 0.0
type = 6  description_en rate= 0.0
type = 6  description_fund rate= 0.28960278525083083
type = 6  description_location rate= 0.0
type = 6  description_source rate= 0.0
type = 6  description_unit rate= 0.0
type = 6  endpage rate= 0.5304636809621776
type = 6  folio_size rate= 0.0
type = 6  identifier_cnno rate= 0.0
type = 6  identifier_doi rate= 0.8710436777971198
type = 6  identifier_eisbn rate= 0.007675265073587593
type = 6  identifier_eissn rate= 0.26831777179933536
type = 6  identifier_isbn rate= 0.0
type = 6  identifier_issn rate= 0.0
type = 6  identifier_pisbn rate= 0.5427084981800918
type = 6  identifier_pissn rate= 0.7016735242918183
type = 6  identifier_standard rate= 0.0
type = 6  issue rate= 0.27122566861845226
type = 6  jumppage rate= 0.0
type = 6  language rate= 1.0
type = 6  legal_status rate= 0.0
type = 6  lngid rate= 1.0
type = 6  medium rate= 1.0
type = 6  page rate= 0.5330946352270929
type = 6  pagecount rate= 0.11384317138787783
type = 6  pct_app_data rate= 0.0
type = 6  pct_enter_nation_date rate= 0.0
type = 6  pct_pub_data rate= 0.0
type = 6  priority_number rate= 0.0
type = 6  provider rate= 1.0
type = 6  provider_bn rate= 0.0
type = 6  provider_id rate= 1.0
type = 6  provider_jid rate= 0.0
type = 6  provider_subject rate= 0.0917471118847919
type = 6  provider_url rate= 1.0
type = 6  province_code rate= 0.0
type = 6  pub_place rate= 0.0
type = 6  publisher rate= 0.9731365722424434
type = 6  rawid rate= 1.0
type = 6  rawtype rate= 0.9480337078651685
type = 6  source rate= 0.9734530780186739
type = 6  source_en rate= 0.00253204620984333
type = 6  source_fl rate= 0.0
type = 6  source_id rate= 0.0
type = 6  source_institution rate= 0.4142862794746004
type = 6  subject rate= 0.767368254470644
type = 6  subject_clc rate= 0.02583478398480772
type = 6  subject_csc rate= 0.0
type = 6  subject_dsa rate= 0.0
type = 6  subject_en rate= 0.0
type = 6  subject_esc rate= 0.0
type = 6  subject_isc rate= 0.0
type = 6  title_catalyst rate= 0.0
type = 6  title_edition rate= 0.0
type = 6  title_series rate= 0.037407026428232314
type = 6  title_sub rate= 0.0
type = 6  type rate= 1.0
type = 6  volume rate= 0.6748496597562905
type = 7  id rate= 1.0
type = 7  title rate= 1.0
type = 7  title_alternative rate= 0.0
type = 7  agency rate= 0.820397444649779
type = 7  agents rate= 0.820397444649779
type = 7  applicant rate= 1.0
type = 7  beginpage rate= 0.0
type = 7  contributor rate= 0.0
type = 7  country rate= 1.0
type = 7  creator rate= 1.0
type = 7  creator_bio rate= 0.0
type = 7  creator_degree rate= 0.0
type = 7  creator_discipline rate= 0.0
type = 7  creator_drafting rate= 0.0
type = 7  creator_en rate= 0.0
type = 7  creator_institution rate= 1.0
type = 7  date rate= 1.0
type = 7  date_created rate= 1.0
type = 7  date_impl rate= 1.0
type = 7  description rate= 0.29696816744452187
type = 7  description_core rate= 1.1630030133408075e-06
type = 7  description_cycle rate= 0.0
type = 7  description_en rate= 0.0
type = 7  description_fund rate= 0.0
type = 7  description_location rate= 0.0
type = 7  description_source rate= 0.0
type = 7  description_unit rate= 0.0
type = 7  endpage rate= 0.0
type = 7  folio_size rate= 0.0
type = 7  identifier_cnno rate= 0.0
type = 7  identifier_doi rate= 0.0
type = 7  identifier_eisbn rate= 0.0
type = 7  identifier_eissn rate= 0.0
type = 7  identifier_isbn rate= 0.0
type = 7  identifier_issn rate= 0.0
type = 7  identifier_pisbn rate= 0.0
type = 7  identifier_pissn rate= 1.0
type = 7  identifier_standard rate= 1.0
type = 7  issue rate= 0.0
type = 7  jumppage rate= 0.0
type = 7  language rate= 1.0
type = 7  legal_status rate= 1.0
type = 7  lngid rate= 1.0
type = 7  medium rate= 1.0
type = 7  page rate= 0.7159074389161743
type = 7  pagecount rate= 0.0
type = 7  pct_app_data rate= 0.021146883791575904
type = 7  pct_enter_nation_date rate= 0.021146883791575904
type = 7  pct_pub_data rate= 0.020740995739919964
type = 7  priority_number rate= 0.0
type = 7  provider rate= 1.0
type = 7  provider_bn rate= 0.0
type = 7  provider_id rate= 1.0
type = 7  provider_jid rate= 0.0
type = 7  provider_subject rate= 0.0
type = 7  provider_url rate= 1.0
type = 7  province_code rate= 1.0
type = 7  pub_place rate= 0.0
type = 7  publisher rate= 0.0
type = 7  rawid rate= 1.0
type = 7  rawtype rate= 0.0
type = 7  source rate= 0.0
type = 7  source_en rate= 0.0
type = 7  source_fl rate= 0.0
type = 7  source_id rate= 0.0
type = 7  source_institution rate= 0.0
type = 7  subject rate= 0.6047859900005
type = 7  subject_clc rate= 0.0
type = 7  subject_csc rate= 1.0
type = 7  subject_dsa rate= 0.0
type = 7  subject_en rate= 0.0
type = 7  subject_esc rate= 0.0
type = 7  subject_isc rate= 1.0
type = 7  title_catalyst rate= 0.0
type = 7  title_edition rate= 0.0
type = 7  title_series rate= 0.0
type = 7  title_sub rate= 0.0
type = 7  type rate= 1.0
type = 7  volume rate= 0.0
type = 8  id rate= 1.0
type = 8  title rate= 1.0
type = 8  title_alternative rate= 0.0
type = 8  agency rate= 0.01026811180832858
type = 8  agents rate= 0.01026811180832858
type = 8  applicant rate= 0.0
type = 8  beginpage rate= 0.0
type = 8  contributor rate= 0.03479749001711352
type = 8  country rate= 1.0
type = 8  creator rate= 0.0
type = 8  creator_bio rate= 0.0
type = 8  creator_degree rate= 0.0
type = 8  creator_discipline rate= 0.0
type = 8  creator_drafting rate= 0.0
type = 8  creator_en rate= 0.0
type = 8  creator_institution rate= 0.0
type = 8  date rate= 1.0
type = 8  date_created rate= 1.0
type = 8  date_impl rate= 1.0
type = 8  description rate= 0.9891614375356532
type = 8  description_core rate= 0.0
type = 8  description_cycle rate= 0.0
type = 8  description_en rate= 0.0
type = 8  description_fund rate= 0.0
type = 8  description_location rate= 0.0
type = 8  description_source rate= 0.0
type = 8  description_unit rate= 0.0
type = 8  endpage rate= 0.0
type = 8  folio_size rate= 0.0
type = 8  identifier_cnno rate= 0.0
type = 8  identifier_doi rate= 0.0
type = 8  identifier_eisbn rate= 0.0
type = 8  identifier_eissn rate= 0.0
type = 8  identifier_isbn rate= 0.0
type = 8  identifier_issn rate= 0.0
type = 8  identifier_pisbn rate= 0.0
type = 8  identifier_pissn rate= 0.0
type = 8  identifier_standard rate= 0.6982316029663435
type = 8  issue rate= 0.0
type = 8  jumppage rate= 0.0
type = 8  language rate= 1.0
type = 8  legal_status rate= 0.8819167142042214
type = 8  lngid rate= 1.0
type = 8  medium rate= 1.0
type = 8  page rate= 0.0
type = 8  pagecount rate= 0.0
type = 8  pct_app_data rate= 0.0
type = 8  pct_enter_nation_date rate= 0.0
type = 8  pct_pub_data rate= 0.0
type = 8  priority_number rate= 0.0
type = 8  provider rate= 1.0
type = 8  provider_bn rate= 0.0
type = 8  provider_id rate= 1.0
type = 8  provider_jid rate= 0.0
type = 8  provider_subject rate= 0.934968625213919
type = 8  provider_url rate= 1.0
type = 8  province_code rate= 0.0
type = 8  pub_place rate= 0.0
type = 8  publisher rate= 0.0
type = 8  rawid rate= 1.0
type = 8  rawtype rate= 0.0
type = 8  source rate= 0.0
type = 8  source_en rate= 0.0
type = 8  source_fl rate= 0.0
type = 8  source_id rate= 0.0
type = 8  source_institution rate= 0.0
type = 8  subject rate= 0.045636052481460354
type = 8  subject_clc rate= 0.0
type = 8  subject_csc rate= 0.0
type = 8  subject_dsa rate= 0.899030233884769
type = 8  subject_en rate= 0.0
type = 8  subject_esc rate= 0.0
type = 8  subject_isc rate= 0.0
type = 8  title_catalyst rate= 0.0
type = 8  title_edition rate= 0.03536794067313177
type = 8  title_series rate= 0.0
type = 8  title_sub rate= 0.0
type = 8  type rate= 1.0
type = 8  volume rate= 0.0
type = 9  id rate= 1.0
type = 9  title rate= 1.0
type = 9  title_alternative rate= 0.0
type = 9  agency rate= 0.0
type = 9  agents rate= 0.0
type = 9  applicant rate= 0.0
type = 9  beginpage rate= 0.0
type = 9  contributor rate= 0.0
type = 9  country rate= 1.0
type = 9  creator rate= 0.9764957264957265
type = 9  creator_bio rate= 0.0
type = 9  creator_degree rate= 0.0
type = 9  creator_discipline rate= 0.0
type = 9  creator_drafting rate= 0.0
type = 9  creator_en rate= 0.0
type = 9  creator_institution rate= 1.0
type = 9  date rate= 1.0
type = 9  date_created rate= 1.0
type = 9  date_impl rate= 0.0
type = 9  description rate= 1.0
type = 9  description_core rate= 0.0
type = 9  description_cycle rate= 0.0
type = 9  description_en rate= 0.0
type = 9  description_fund rate= 0.0
type = 9  description_location rate= 0.0
type = 9  description_source rate= 0.0
type = 9  description_unit rate= 0.0
type = 9  endpage rate= 0.0
type = 9  folio_size rate= 0.0
type = 9  identifier_cnno rate= 0.0
type = 9  identifier_doi rate= 0.0
type = 9  identifier_eisbn rate= 0.0
type = 9  identifier_eissn rate= 0.0
type = 9  identifier_isbn rate= 0.0
type = 9  identifier_issn rate= 0.0
type = 9  identifier_pisbn rate= 0.0
type = 9  identifier_pissn rate= 0.0
type = 9  identifier_standard rate= 0.0
type = 9  issue rate= 0.0
type = 9  jumppage rate= 0.0
type = 9  language rate= 1.0
type = 9  legal_status rate= 0.0
type = 9  lngid rate= 1.0
type = 9  medium rate= 1.0
type = 9  page rate= 0.0
type = 9  pagecount rate= 0.0
type = 9  pct_app_data rate= 0.0
type = 9  pct_enter_nation_date rate= 0.0
type = 9  pct_pub_data rate= 0.0
type = 9  priority_number rate= 0.0
type = 9  provider rate= 1.0
type = 9  provider_bn rate= 0.0
type = 9  provider_id rate= 1.0
type = 9  provider_jid rate= 0.0
type = 9  provider_subject rate= 0.0
type = 9  provider_url rate= 1.0
type = 9  province_code rate= 0.0
type = 9  pub_place rate= 0.0
type = 9  publisher rate= 0.0
type = 9  rawid rate= 1.0
type = 9  rawtype rate= 0.0
type = 9  source rate= 0.0
type = 9  source_en rate= 0.0
type = 9  source_fl rate= 0.0
type = 9  source_id rate= 0.0
type = 9  source_institution rate= 0.0
type = 9  subject rate= 0.0
type = 9  subject_clc rate= 1.0
type = 9  subject_csc rate= 0.0
type = 9  subject_dsa rate= 0.0
type = 9  subject_en rate= 0.0
type = 9  subject_esc rate= 1.0
type = 9  subject_isc rate= 0.0
type = 9  title_catalyst rate= 0.0
type = 9  title_edition rate= 0.0
type = 9  title_series rate= 0.0
type = 9  title_sub rate= 0.0
type = 9  type rate= 1.0
type = 9  volume rate= 0.0
type = 10  id rate= 1.0
type = 10  title rate= 1.0
type = 10  title_alternative rate= 0.0
type = 10  agency rate= 0.0
type = 10  agents rate= 0.0
type = 10  applicant rate= 0.0
type = 10  beginpage rate= 0.0
type = 10  contributor rate= 0.0
type = 10  country rate= 1.0
type = 10  creator rate= 0.8095238095238095
type = 10  creator_bio rate= 0.6952380952380952
type = 10  creator_degree rate= 0.0
type = 10  creator_discipline rate= 0.0
type = 10  creator_drafting rate= 0.0
type = 10  creator_en rate= 0.0
type = 10  creator_institution rate= 0.09523809523809523
type = 10  date rate= 1.0
type = 10  date_created rate= 1.0
type = 10  date_impl rate= 0.0
type = 10  description rate= 1.0
type = 10  description_core rate= 0.0
type = 10  description_cycle rate= 0.0
type = 10  description_en rate= 0.0
type = 10  description_fund rate= 0.0
type = 10  description_location rate= 0.0
type = 10  description_source rate= 0.0
type = 10  description_unit rate= 0.4
type = 10  endpage rate= 0.0
type = 10  folio_size rate= 0.12380952380952381
type = 10  identifier_cnno rate= 0.0
type = 10  identifier_doi rate= 0.0
type = 10  identifier_eisbn rate= 0.0
type = 10  identifier_eissn rate= 0.0
type = 10  identifier_isbn rate= 0.0
type = 10  identifier_issn rate= 0.0
type = 10  identifier_pisbn rate= 0.0
type = 10  identifier_pissn rate= 0.0
type = 10  identifier_standard rate= 0.0
type = 10  issue rate= 0.0
type = 10  jumppage rate= 0.0
type = 10  language rate= 1.0
type = 10  legal_status rate= 0.0
type = 10  lngid rate= 1.0
type = 10  medium rate= 1.0
type = 10  page rate= 0.0
type = 10  pagecount rate= 0.0
type = 10  pct_app_data rate= 0.0
type = 10  pct_enter_nation_date rate= 0.0
type = 10  pct_pub_data rate= 0.0
type = 10  priority_number rate= 0.0
type = 10  provider rate= 1.0
type = 10  provider_bn rate= 0.0
type = 10  provider_id rate= 1.0
type = 10  provider_jid rate= 0.0
type = 10  provider_subject rate= 0.7904761904761904
type = 10  provider_url rate= 1.0
type = 10  province_code rate= 0.0
type = 10  pub_place rate= 0.0
type = 10  publisher rate= 0.0
type = 10  rawid rate= 1.0
type = 10  rawtype rate= 0.0
type = 10  source rate= 0.08571428571428572
type = 10  source_en rate= 0.0
type = 10  source_fl rate= 0.0
type = 10  source_id rate= 0.0
type = 10  source_institution rate= 0.0
type = 10  subject rate= 0.11428571428571428
type = 10  subject_clc rate= 0.0
type = 10  subject_csc rate= 0.0
type = 10  subject_dsa rate= 0.0
type = 10  subject_en rate= 0.0
type = 10  subject_esc rate= 0.0
type = 10  subject_isc rate= 0.0
type = 10  title_catalyst rate= 0.0
type = 10  title_edition rate= 0.0
type = 10  title_series rate= 0.0
type = 10  title_sub rate= 0.0
type = 10  type rate= 1.0
type = 10  volume rate= 0.0
type = 11  id rate= 1.0
type = 11  title rate= 1.0
type = 11  title_alternative rate= 0.0
type = 11  agency rate= 0.0
type = 11  agents rate= 0.0
type = 11  applicant rate= 0.0
type = 11  beginpage rate= 0.0
type = 11  contributor rate= 0.0
type = 11  country rate= 0.0
type = 11  creator rate= 0.9608308837938467
type = 11  creator_bio rate= 0.0
type = 11  creator_degree rate= 0.0
type = 11  creator_discipline rate= 0.0
type = 11  creator_drafting rate= 0.0
type = 11  creator_en rate= 0.0
type = 11  creator_institution rate= 0.0
type = 11  date rate= 1.0
type = 11  date_created rate= 1.0
type = 11  date_impl rate= 0.0
type = 11  description rate= 0.9997961983147169
type = 11  description_core rate= 0.0
type = 11  description_cycle rate= 0.9934705075445817
type = 11  description_en rate= 0.0
type = 11  description_fund rate= 0.0
type = 11  description_location rate= 0.0
type = 11  description_source rate= 0.0
type = 11  description_unit rate= 0.0
type = 11  endpage rate= 0.0
type = 11  folio_size rate= 0.0
type = 11  identifier_cnno rate= 0.9976954732510288
type = 11  identifier_doi rate= 0.7099353321575543
type = 11  identifier_eisbn rate= 0.0
type = 11  identifier_eissn rate= 0.0
type = 11  identifier_isbn rate= 0.0
type = 11  identifier_issn rate= 0.0
type = 11  identifier_pisbn rate= 0.0
type = 11  identifier_pissn rate= 0.0
type = 11  identifier_standard rate= 0.0
type = 11  issue rate= 0.0
type = 11  jumppage rate= 0.0
type = 11  language rate= 0.0
type = 11  legal_status rate= 0.0
type = 11  lngid rate= 1.0
type = 11  medium rate= 1.0
type = 11  page rate= 1.0
type = 11  pagecount rate= 0.0
type = 11  pct_app_data rate= 0.0
type = 11  pct_enter_nation_date rate= 0.0
type = 11  pct_pub_data rate= 0.0
type = 11  priority_number rate= 0.0
type = 11  provider rate= 1.0
type = 11  provider_bn rate= 0.0
type = 11  provider_id rate= 1.0
type = 11  provider_jid rate= 0.0
type = 11  provider_subject rate= 0.0
type = 11  provider_url rate= 1.0
type = 11  province_code rate= 0.9630256711738193
type = 11  pub_place rate= 0.9934705075445817
type = 11  publisher rate= 0.991612776797962
type = 11  rawid rate= 1.0
type = 11  rawtype rate= 0.0
type = 11  source rate= 1.0
type = 11  source_en rate= 0.0
type = 11  source_fl rate= 0.0
type = 11  source_id rate= 0.0
type = 11  source_institution rate= 0.0
type = 11  subject rate= 0.9996707818930041
type = 11  subject_clc rate= 0.7095747599451303
type = 11  subject_csc rate= 0.0
type = 11  subject_dsa rate= 0.0
type = 11  subject_en rate= 0.0
type = 11  subject_esc rate= 0.0
type = 11  subject_isc rate= 0.0
type = 11  title_catalyst rate= 0.2445228297080149
type = 11  title_edition rate= 1.0
type = 11  title_series rate= 0.7181030766215951
type = 11  title_sub rate= 0.0
type = 11  type rate= 1.0
type = 11  volume rate= 0.0
type = 12  id rate= 1.0
type = 12  title rate= 1.0
type = 12  title_alternative rate= 0.0
type = 12  agency rate= 0.0
type = 12  agents rate= 0.0
type = 12  applicant rate= 0.0
type = 12  beginpage rate= 0.0
type = 12  contributor rate= 0.0
type = 12  country rate= 1.0
type = 12  creator rate= 0.8016304347826086
type = 12  creator_bio rate= 0.7608695652173914
type = 12  creator_degree rate= 0.0
type = 12  creator_discipline rate= 0.0
type = 12  creator_drafting rate= 0.0
type = 12  creator_en rate= 0.0
type = 12  creator_institution rate= 0.0
type = 12  date rate= 1.0
type = 12  date_created rate= 1.0
type = 12  date_impl rate= 0.0
type = 12  description rate= 0.9510869565217391
type = 12  description_core rate= 0.0
type = 12  description_cycle rate= 0.0
type = 12  description_en rate= 0.3695652173913043
type = 12  description_fund rate= 0.0
type = 12  description_location rate= 0.0
type = 12  description_source rate= 0.0
type = 12  description_unit rate= 0.0
type = 12  endpage rate= 0.0
type = 12  folio_size rate= 0.0
type = 12  identifier_cnno rate= 0.0
type = 12  identifier_doi rate= 0.0
type = 12  identifier_eisbn rate= 0.0
type = 12  identifier_eissn rate= 0.0
type = 12  identifier_isbn rate= 0.0
type = 12  identifier_issn rate= 0.0
type = 12  identifier_pisbn rate= 0.6630434782608695
type = 12  identifier_pissn rate= 0.0
type = 12  identifier_standard rate= 0.0
type = 12  issue rate= 0.0
type = 12  jumppage rate= 0.0
type = 12  language rate= 1.0
type = 12  legal_status rate= 0.0
type = 12  lngid rate= 1.0
type = 12  medium rate= 1.0
type = 12  page rate= 0.0
type = 12  pagecount rate= 0.9891304347826086
type = 12  pct_app_data rate= 0.0
type = 12  pct_enter_nation_date rate= 0.0
type = 12  pct_pub_data rate= 0.0
type = 12  priority_number rate= 0.0
type = 12  provider rate= 1.0
type = 12  provider_bn rate= 0.0
type = 12  provider_id rate= 1.0
type = 12  provider_jid rate= 0.0
type = 12  provider_subject rate= 0.010869565217391304
type = 12  provider_url rate= 1.0
type = 12  province_code rate= 0.0
type = 12  pub_place rate= 0.0
type = 12  publisher rate= 0.9891304347826086
type = 12  rawid rate= 1.0
type = 12  rawtype rate= 0.0
type = 12  source rate= 1.0
type = 12  source_en rate= 0.0
type = 12  source_fl rate= 0.0
type = 12  source_id rate= 0.0
type = 12  source_institution rate= 0.0
type = 12  subject rate= 0.8505434782608695
type = 12  subject_clc rate= 0.0
type = 12  subject_csc rate= 0.0
type = 12  subject_dsa rate= 0.0
type = 12  subject_en rate= 0.358695652173913
type = 12  subject_esc rate= 0.0
type = 12  subject_isc rate= 0.0
type = 12  title_catalyst rate= 0.0
type = 12  title_edition rate= 0.0
type = 12  title_series rate= 0.8206521739130435
type = 12  title_sub rate= 0.0
type = 12  type rate= 1.0
type = 12  volume rate= 0.0
Traceback (most recent call last):
  File "main.py", line 36, in <module>
    get_type_rate(i)
  File "main.py", line 29, in get_type_rate
    rate = num / total
ZeroDivisionError: division by zero
